#
# There is insufficient memory for the Java Runtime Environment to continue.
# Native memory allocation (mmap) failed to map 201326592 bytes for Failed to commit area from 0x0000000741000000 to 0x000000074d000000 of length 201326592.
# Possible reasons:
#   The system is out of physical RAM or swap space
#   The process is running with CompressedOops enabled, and the Java Heap may be blocking the growth of the native heap
# Possible solutions:
#   Reduce memory load on the system
#   Increase physical memory or swap space
#   Check if swap backing store is full
#   Decrease Java heap size (-Xmx/-Xms)
#   Decrease number of Java threads
#   Decrease Java thread stack sizes (-Xss)
#   Set larger code cache with -XX:ReservedCodeCacheSize=
#   JVM is running with Zero Based Compressed Oops mode in which the Java heap is
#     placed in the first 32GB address space. The Java Heap base address is the
#     maximum limit for the native heap growth. Please use -XX:HeapBaseMinAddress
#     to set the Java Heap base and to place the Java Heap above 32GB virtual address.
# This output file may be truncated or incomplete.
#
#  Out of Memory Error (./open/src/hotspot/os/windows/os_windows.cpp:3315), pid=2236, tid=6152
#
# JRE version:  (14.0.2+12) (build )
# Java VM: OpenJDK 64-Bit Server VM (14.0.2+12-46, mixed mode, sharing, tiered, compressed oops, g1 gc, windows-amd64)
# No core dump will be written. Minidumps are not enabled by default on client versions of Windows
#

---------------  S U M M A R Y ------------

Command Line: -agentlib:jdwp=transport=dt_socket,suspend=y,address=localhost:56560 -Dcom.sun.management.jmxremote -Dcom.sun.management.jmxremote.port=56550 -Dcom.sun.management.jmxremote.authenticate=false -Dcom.sun.management.jmxremote.ssl=false -Djava.rmi.server.hostname=localhost -Dspring.jmx.enabled=true -Dspring.application.admin.enabled=true -Xverify:none -XX:TieredStopAtLevel=1 -Dspring.boot.project.name=TallerPruebas1-2(ServiciosModificados) -javaagent:D:\Usuario\Desktop\sts-4.7.1.RELEASE\configuration\org.eclipse.osgi\248\0\.cp\lib\javaagent-shaded.jar -Dfile.encoding=UTF-8 taller2.Palma.demo.TallerPruebas11Application --spring.output.ansi.enabled=always

Host: AMD Ryzen 5 2400G with Radeon Vega Graphics    , 8 cores, 11G,  Windows 10 , 64 bit Build 19041 (10.0.19041.546)
Time: Sun Dec 13 23:48:38 2020 Hora est. Pacífico, Sudamérica elapsed time: 0 seconds (0d 0h 0m 0s)

---------------  T H R E A D  ---------------

Current thread (0x000001e5f1dcd800):  JavaThread "Unknown thread" [_thread_in_vm, id=6152, stack(0x00000016f5100000,0x00000016f5200000)]

Stack: [0x00000016f5100000,0x00000016f5200000]
Native frames: (J=compiled Java code, j=interpreted, Vv=VM code, C=native code)
V  [jvm.dll+0x5f8a9a]
V  [jvm.dll+0x74247a]
V  [jvm.dll+0x743c2f]
V  [jvm.dll+0x744273]
V  [jvm.dll+0x20d288]
V  [jvm.dll+0x5f5dea]
V  [jvm.dll+0x5eac45]
V  [jvm.dll+0x2c7e9c]
V  [jvm.dll+0x2c7cd2]
V  [jvm.dll+0x2cdbbc]
V  [jvm.dll+0x313fe8]
V  [jvm.dll+0x313710]
V  [jvm.dll+0x2a092a]
V  [jvm.dll+0x2a1a79]
V  [jvm.dll+0x71fd48]
V  [jvm.dll+0x321c14]
V  [jvm.dll+0x70112c]
V  [jvm.dll+0x392def]
V  [jvm.dll+0x394e61]
C  [jli.dll+0x524b]
C  [ucrtbase.dll+0x214c2]
C  [KERNEL32.DLL+0x17034]
C  [ntdll.dll+0x4cec1]


---------------  P R O C E S S  ---------------

Threads class SMR info:
_java_thread_list=0x00007ffd3e273038, length=0, elements={
}

Java Threads: ( => current thread )

Other Threads:
  0x000001e5f1e21800 GCTaskThread "GC Thread#0" [stack: 0x00000016f5200000,0x00000016f5300000] [id=9984]
  0x000001e5f1e3d000 ConcurrentGCThread "G1 Main Marker" [stack: 0x00000016f5300000,0x00000016f5400000] [id=11492]
  0x000001e5f1e3e800 ConcurrentGCThread "G1 Conc#0" [stack: 0x00000016f5400000,0x00000016f5500000] [id=7704]

[error occurred during error reporting (printing all threads), id 0xc0000005, EXCEPTION_ACCESS_VIOLATION (0xc0000005) at pc=0x00007ffd3daa1257]

VM state:not at safepoint (not fully initialized)

VM Mutex/Monitor currently owned by a thread:  ([mutex/lock_event])
[0x000001e5f1dc9920] Heap_lock - owner thread: 0x000001e5f1dcd800

Heap address: 0x0000000741000000, size: 3056 MB, Compressed Oops mode: Zero based, Oop shift amount: 3
Narrow klass base: 0x0000000000000000, Narrow klass shift: 0

GC Heap History (0 events):
No events

Deoptimization events (0 events):
No events

Classes unloaded (0 events):
No events

Classes redefined (0 events):
No events

Internal exceptions (0 events):
No events

Events (2 events):
Event: 0.088 Loaded shared library D:\Usuario\Desktop\sts-4.7.1.RELEASE\jdk-14.0.2\bin\java.dll
Event: 0.088 Loaded shared library D:\Usuario\Desktop\sts-4.7.1.RELEASE\jdk-14.0.2\bin\zip.dll


Dynamic libraries:
0x00007ff681600000 - 0x00007ff68160d000 	D:\Usuario\Desktop\sts-4.7.1.RELEASE\jdk-14.0.2\bin\javaw.exe
0x00007ffd94770000 - 0x00007ffd94966000 	C:\WINDOWS\SYSTEM32\ntdll.dll
0x00007ffd930a0000 - 0x00007ffd9315d000 	C:\WINDOWS\System32\KERNEL32.DLL
0x00007ffd91eb0000 - 0x00007ffd92178000 	C:\WINDOWS\System32\KERNELBASE.dll
0x00007ffd925e0000 - 0x00007ffd926e0000 	C:\WINDOWS\System32\ucrtbase.dll
0x00007ffd8d500000 - 0x00007ffd8d518000 	D:\Usuario\Desktop\sts-4.7.1.RELEASE\jdk-14.0.2\bin\jli.dll
0x00007ffd8c0b0000 - 0x00007ffd8c0c5000 	D:\Usuario\Desktop\sts-4.7.1.RELEASE\jdk-14.0.2\bin\VCRUNTIME140.dll
0x00007ffd938f0000 - 0x00007ffd93a90000 	C:\WINDOWS\System32\USER32.dll
0x00007ffd924a0000 - 0x00007ffd924c2000 	C:\WINDOWS\System32\win32u.dll
0x00007ffd836d0000 - 0x00007ffd8396b000 	C:\WINDOWS\WinSxS\amd64_microsoft.windows.common-controls_6595b64144ccf1df_6.0.19041.488_none_ca04af081b815d21\COMCTL32.dll
0x00007ffd94100000 - 0x00007ffd9419e000 	C:\WINDOWS\System32\msvcrt.dll
0x00007ffd94240000 - 0x00007ffd9426a000 	C:\WINDOWS\System32\GDI32.dll
0x00007ffd92390000 - 0x00007ffd92499000 	C:\WINDOWS\System32\gdi32full.dll
0x00007ffd926e0000 - 0x00007ffd9277d000 	C:\WINDOWS\System32\msvcp_win.dll
0x00007ffd93d60000 - 0x00007ffd93d90000 	C:\WINDOWS\System32\IMM32.DLL
0x00007ffd6ebe0000 - 0x00007ffd6ec7b000 	D:\Usuario\Desktop\sts-4.7.1.RELEASE\jdk-14.0.2\bin\msvcp140.dll
0x00007ffd3d7f0000 - 0x00007ffd3e30e000 	D:\Usuario\Desktop\sts-4.7.1.RELEASE\jdk-14.0.2\bin\server\jvm.dll
0x00007ffd94270000 - 0x00007ffd9431c000 	C:\WINDOWS\System32\ADVAPI32.dll
0x00007ffd93000000 - 0x00007ffd9309b000 	C:\WINDOWS\System32\sechost.dll
0x00007ffd93a90000 - 0x00007ffd93bb4000 	C:\WINDOWS\System32\RPCRT4.dll
0x00007ffd94230000 - 0x00007ffd94238000 	C:\WINDOWS\System32\PSAPI.DLL
0x00007ffd85ac0000 - 0x00007ffd85ae7000 	C:\WINDOWS\SYSTEM32\WINMM.dll
0x00007ffd8ac80000 - 0x00007ffd8ac8a000 	C:\WINDOWS\SYSTEM32\VERSION.dll
0x00007ffd74df0000 - 0x00007ffd74df9000 	C:\WINDOWS\SYSTEM32\WSOCK32.dll
0x00007ffd93cf0000 - 0x00007ffd93d5b000 	C:\WINDOWS\System32\WS2_32.dll
0x00007ffd8fe20000 - 0x00007ffd8fe32000 	C:\WINDOWS\SYSTEM32\kernel.appcore.dll
0x00007ffd8d570000 - 0x00007ffd8d57a000 	D:\Usuario\Desktop\sts-4.7.1.RELEASE\jdk-14.0.2\bin\jimage.dll
0x00007ffd776e0000 - 0x00007ffd778c4000 	C:\WINDOWS\SYSTEM32\DBGHELP.DLL
0x00007ffd77330000 - 0x00007ffd7735c000 	C:\WINDOWS\SYSTEM32\dbgcore.DLL
0x00007ffd922e0000 - 0x00007ffd9235f000 	C:\WINDOWS\System32\bcryptPrimitives.dll
0x00007ffd8b920000 - 0x00007ffd8b958000 	D:\Usuario\Desktop\sts-4.7.1.RELEASE\jdk-14.0.2\bin\jdwp.dll
0x00007ffd88f00000 - 0x00007ffd88f25000 	D:\Usuario\Desktop\sts-4.7.1.RELEASE\jdk-14.0.2\bin\java.dll
0x00007ffd8d560000 - 0x00007ffd8d56e000 	D:\Usuario\Desktop\sts-4.7.1.RELEASE\jdk-14.0.2\bin\instrument.dll
0x00007ffd8d490000 - 0x00007ffd8d4a6000 	D:\Usuario\Desktop\sts-4.7.1.RELEASE\jdk-14.0.2\bin\zip.dll

dbghelp: loaded successfully - version: 4.0.5 - missing functions: none
symbol engine: initialized successfully - sym options: 0x614 - pdb path: .;D:\Usuario\Desktop\sts-4.7.1.RELEASE\jdk-14.0.2\bin;C:\WINDOWS\SYSTEM32;C:\WINDOWS\WinSxS\amd64_microsoft.windows.common-controls_6595b64144ccf1df_6.0.19041.488_none_ca04af081b815d21;D:\Usuario\Desktop\sts-4.7.1.RELEASE\jdk-14.0.2\bin\server

VM Arguments:
jvm_args: -agentlib:jdwp=transport=dt_socket,suspend=y,address=localhost:56560 -Dcom.sun.management.jmxremote -Dcom.sun.management.jmxremote.port=56550 -Dcom.sun.management.jmxremote.authenticate=false -Dcom.sun.management.jmxremote.ssl=false -Djava.rmi.server.hostname=localhost -Dspring.jmx.enabled=true -Dspring.application.admin.enabled=true -Xverify:none -XX:TieredStopAtLevel=1 -Dspring.boot.project.name=TallerPruebas1-2(ServiciosModificados) -javaagent:D:\Usuario\Desktop\sts-4.7.1.RELEASE\configuration\org.eclipse.osgi\248\0\.cp\lib\javaagent-shaded.jar -Dfile.encoding=UTF-8 
java_command: taller2.Palma.demo.TallerPruebas11Application --spring.output.ansi.enabled=always
java_class_path (initial): D:\Android\Clase 11.1\InternetTallerFinal\TallerPruebas1-2(ServiciosModificados)\target\classes;C:\Users\RYZEN 5\.m2\repository\org\springframework\boot\spring-boot-starter\2.3.4.RELEASE\spring-boot-starter-2.3.4.RELEASE.jar;C:\Users\RYZEN 5\.m2\repository\org\springframework\boot\spring-boot\2.3.4.RELEASE\spring-boot-2.3.4.RELEASE.jar;C:\Users\RYZEN 5\.m2\repository\org\springframework\spring-context\5.2.9.RELEASE\spring-context-5.2.9.RELEASE.jar;C:\Users\RYZEN 5\.m2\repository\org\springframework\boot\spring-boot-autoconfigure\2.3.4.RELEASE\spring-boot-autoconfigure-2.3.4.RELEASE.jar;C:\Users\RYZEN 5\.m2\repository\org\springframework\boot\spring-boot-starter-logging\2.3.4.RELEASE\spring-boot-starter-logging-2.3.4.RELEASE.jar;C:\Users\RYZEN 5\.m2\repository\ch\qos\logback\logback-classic\1.2.3\logback-classic-1.2.3.jar;C:\Users\RYZEN 5\.m2\repository\ch\qos\logback\logback-core\1.2.3\logback-core-1.2.3.jar;C:\Users\RYZEN 5\.m2\repository\org\apache\logging\log4j\log4j-to-slf4j\2.13.3\log4j-to-slf4j-2.13.3.jar;C:\Users\RYZEN 5\.m2\repository\org\apache\logging\log4j\log4j-api\2.13.3\log4j-api-2.13.3.jar;C:\Users\RYZEN 5\.m2\repository\org\slf4j\jul-to-slf4j\1.7.30\jul-to-slf4j-1.7.30.jar;C:\Users\RYZEN 5\.m2\repository\jakarta\annotation\jakarta.annotation-api\1.3.5\jakarta.annotation-api-1.3.5.jar;C:\Users\RYZEN 5\.m2\repository\org\springframework\spring-core\5.2.9.RELEASE\spring-core-5.2.9.RELEASE.jar;C:\Users\RYZEN 5\.m2\repository\org\springframework\spring-jcl\5.2.9.RELEASE\spring-jcl-5.2.9.RELEASE.jar;C:\Users\RYZEN 5\.m2\repository\org\yaml\snakeyaml\1.26\snakeyaml-1.26.jar;C:\Users\RYZEN 5\.m2\repository\org\projectlombok\lombok\1.18.12\lombok-1.18.12.jar;C:\Users\RYZEN 5\.m2\repository\jakarta\xml\bind\jakarta.xml.bind-api\2.3.3\jakarta.xml.bind-api-2.3.3.jar;C:\Users\RYZEN 5\.m2\repository\jakarta\activation\jakarta.activation-api\1.2.2\jakarta.activation-api-1.2.2.jar;C:\Users\RYZEN 5\.m2\repository\net\bytebuddy\byte-buddy\
Launcher Type: SUN_STANDARD

[Global flags]
     intx CICompilerCount                          = 4                                         {product} {ergonomic}
     uint ConcGCThreads                            = 2                                         {product} {ergonomic}
     uint G1ConcRefinementThreads                  = 8                                         {product} {ergonomic}
   size_t G1HeapRegionSize                         = 1048576                                   {product} {ergonomic}
    uintx GCDrainStackTargetSize                   = 64                                        {product} {ergonomic}
   size_t InitialHeapSize                          = 201326592                                 {product} {ergonomic}
     bool ManagementServer                         = true                                      {product} {command line}
   size_t MarkStackSize                            = 4194304                                   {product} {ergonomic}
   size_t MaxHeapSize                              = 3204448256                                {product} {ergonomic}
   size_t MinHeapDeltaBytes                        = 1048576                                   {product} {ergonomic}
   size_t MinHeapSize                              = 8388608                                   {product} {ergonomic}
    uintx NonNMethodCodeHeapSize                   = 7549744                                {pd product} {ergonomic}
    uintx NonProfiledCodeHeapSize                  = 244108496                              {pd product} {ergonomic}
    uintx ProfiledCodeHeapSize                     = 0                                      {pd product} {ergonomic}
    uintx ReservedCodeCacheSize                    = 251658240                              {pd product} {ergonomic}
     bool SegmentedCodeCache                       = true                                      {product} {ergonomic}
   size_t SoftMaxHeapSize                          = 3204448256                             {manageable} {ergonomic}
     intx TieredStopAtLevel                        = 1                                         {product} {command line}
     bool UseCompressedClassPointers               = true                                 {lp64_product} {ergonomic}
     bool UseCompressedOops                        = true                                 {lp64_product} {ergonomic}
     bool UseG1GC                                  = true                                      {product} {ergonomic}
     bool UseLargePagesIndividualAllocation        = false                                  {pd product} {ergonomic}

Logging:
Log output configuration:
 #0: stdout all=warning uptime,level,tags
 #1: stderr all=off uptime,level,tags

Environment Variables:
PATH=D:/Usuario/Desktop/sts-4.7.1.RELEASE//jdk-14.0.2/bin/server;D:/Usuario/Desktop/sts-4.7.1.RELEASE//jdk-14.0.2/bin;C:\Program Files (x86)\VMware\VMware Player\bin\;C:\Program Files (x86)\Common Files\Oracle\Java\javapath;C:\Windows\system32;C:\Windows;C:\Windows\System32\Wbem;C:\Windows\System32\WindowsPowerShell\v1.0\;C:\Windows\System32\OpenSSH\;C:\Program Files (x86)\NVIDIA Corporation\PhysX\Common;C:\Program Files\NVIDIA Corporation\NVIDIA NvDLISR;C:\Program Files\dotnet\;C:\Program Files\Amazon\AWSCLIV2\;C:\WINDOWS\system32;C:\WINDOWS;C:\WINDOWS\System32\Wbem;C:\WINDOWS\System32\WindowsPowerShell\v1.0\;C:\WINDOWS\System32\OpenSSH\;D:\Program Files (x86)\Brackets\command;D:\Program Files (x86)\Gpg4win\..\GnuPG\bin;C:\Program Files (x86)\PuTTY\;C:\Program Files\Git\cmd;C:\Users\RYZEN 5\AppData\Local\Microsoft\WindowsApps;C:\Users\RYZEN 5\AppData\Local\Programs\Microsoft VS Code\bin;C:\apex;C:\Users\RYZEN 5\AppData\Local\GitHubDesktop\bin;D:\Usuario\Desktop\sts-4.7.1.RELEASE;
USERNAME=RYZEN 5
OS=Windows_NT
PROCESSOR_IDENTIFIER=AMD64 Family 23 Model 17 Stepping 0, AuthenticAMD



---------------  S Y S T E M  ---------------

OS: Windows 10 , 64 bit Build 19041 (10.0.19041.546)
OS uptime: 8 days 5:18 hours

CPU:total 8 (initial active 8) (8 cores per cpu, 2 threads per core) family 23 model 17 stepping 0, cmov, cx8, fxsr, mmx, sse, sse2, sse3, ssse3, sse4.1, sse4.2, popcnt, avx, avx2, aes, clmul, mmxext, 3dnowpref, lzcnt, sse4a, ht, tsc, tscinvbit, tscinv, bmi1, bmi2, adx, sha, fma

Memory: 4k page, system-wide physical 12220M (3150M free)
TotalPageFile size 14643M (AvailPageFile size 72M)
current process WorkingSet (physical memory assigned to process): 11M, peak: 11M
current process commit charge ("private bytes"): 58M, peak: 250M

vm_info: OpenJDK 64-Bit Server VM (14.0.2+12-46) for windows-amd64 JRE (14.0.2+12-46), built on Jul  9 2020 00:31:16 by "mach5one" with MS VC++ 15.9 (VS2017)

END.
