#
# There is insufficient memory for the Java Runtime Environment to continue.
# Native memory allocation (mmap) failed to map 30408704 bytes for Failed to commit area from 0x0000000748700000 to 0x000000074a400000 of length 30408704.
# Possible reasons:
#   The system is out of physical RAM or swap space
#   The process is running with CompressedOops enabled, and the Java Heap may be blocking the growth of the native heap
# Possible solutions:
#   Reduce memory load on the system
#   Increase physical memory or swap space
#   Check if swap backing store is full
#   Decrease Java heap size (-Xmx/-Xms)
#   Decrease number of Java threads
#   Decrease Java thread stack sizes (-Xss)
#   Set larger code cache with -XX:ReservedCodeCacheSize=
#   JVM is running with Zero Based Compressed Oops mode in which the Java heap is
#     placed in the first 32GB address space. The Java Heap base address is the
#     maximum limit for the native heap growth. Please use -XX:HeapBaseMinAddress
#     to set the Java Heap base and to place the Java Heap above 32GB virtual address.
# This output file may be truncated or incomplete.
#
#  Out of Memory Error (./open/src/hotspot/os/windows/os_windows.cpp:3315), pid=5396, tid=13252
#
# JRE version: OpenJDK Runtime Environment (14.0.2+12) (build 14.0.2+12-46)
# Java VM: OpenJDK 64-Bit Server VM (14.0.2+12-46, mixed mode, sharing, tiered, compressed oops, g1 gc, windows-amd64)
# No core dump will be written. Minidumps are not enabled by default on client versions of Windows
#

---------------  S U M M A R Y ------------

Command Line: -Dcom.sun.management.jmxremote -Dcom.sun.management.jmxremote.port=55890 -Dcom.sun.management.jmxremote.authenticate=false -Dcom.sun.management.jmxremote.ssl=false -Djava.rmi.server.hostname=localhost -Dspring.jmx.enabled=true -Dspring.application.admin.enabled=true -Xverify:none -XX:TieredStopAtLevel=1 -Dspring.boot.project.name=TallerPruebas1-2(ServiciosModificados) -Dfile.encoding=UTF-8 taller2.Palma.demo.TallerPruebas11Application --spring.output.ansi.enabled=always

Host: AMD Ryzen 5 2400G with Radeon Vega Graphics    , 8 cores, 11G,  Windows 10 , 64 bit Build 19041 (10.0.19041.546)
Time: Sun Dec 13 23:47:33 2020 Hora est. Pacífico, Sudamérica elapsed time: 657 seconds (0d 0h 10m 57s)

---------------  T H R E A D  ---------------

Current thread (0x000001a13db2e800):  VMThread "VM Thread" [stack: 0x00000031fff00000,0x0000003200000000] [id=13252]

Stack: [0x00000031fff00000,0x0000003200000000]
[error occurred during error reporting (printing stack bounds), id 0xc0000005, EXCEPTION_ACCESS_VIOLATION (0xc0000005) at pc=0x000001a1243d10ad]

Native frames: (J=compiled Java code, j=interpreted, Vv=VM code, C=native code)
V  [jvm.dll+0x5f8a9a]
V  [jvm.dll+0x74247a]
V  [jvm.dll+0x743c2f]
V  [jvm.dll+0x7441d5]
V  [jvm.dll+0x74418b]
V  [jvm.dll+0x5f7f6f]
V  [jvm.dll+0x5f8738]
C  [ntdll.dll+0xa10ff]
C  [ntdll.dll+0x4b474]
C  [ntdll.dll+0x9fc2e]
C  0x000001a1243d10ad

VM_Operation (0x00000031ffbff970): G1Concurrent, mode: safepoint, requested by thread 0x000001a11a4cb800


---------------  P R O C E S S  ---------------

Threads class SMR info:
_java_thread_list=0x000001a143d6ee50, length=42, elements={
0x000001a13e33d800, 0x000001a13e341800, 0x000001a13e359000, 0x000001a13e35d800,
0x000001a13e35e800, 0x000001a13e362800, 0x000001a13e392000, 0x000001a13e46f800,
0x000001a13e4a3800, 0x000001a13eac8000, 0x000001a13eacd000, 0x000001a13eb1a000,
0x000001a13ef81000, 0x000001a13efa1000, 0x000001a141eb6000, 0x000001a141ebb000,
0x000001a143dc4800, 0x000001a143dc5800, 0x000001a143dc3000, 0x000001a143dc7000,
0x000001a143dc3800, 0x000001a143dc6000, 0x000001a143dc1800, 0x000001a143dc8000,
0x000001a143dc2000, 0x000001a143dce800, 0x000001a143dc8800, 0x000001a143dcd800,
0x000001a143dcc000, 0x000001a143dca800, 0x000001a143dcf000, 0x000001a143dc9800,
0x000001a143dd0000, 0x000001a143dcb000, 0x000001a143dcc800, 0x000001a141eb0800,
0x000001a141eb7000, 0x000001a141eb5000, 0x000001a141eb1000, 0x000001a141eb7800,
0x000001a141eb2000, 0x000001a141eb8800
}

Java Threads: ( => current thread )
  0x000001a13e33d800 JavaThread "Reference Handler" daemon [_thread_blocked, id=14352, stack(0x0000003180000000,0x0000003180100000)]
  0x000001a13e341800 JavaThread "Finalizer" daemon [_thread_blocked, id=11528, stack(0x0000003180100000,0x0000003180200000)]
  0x000001a13e359000 JavaThread "Signal Dispatcher" daemon [_thread_blocked, id=2412, stack(0x0000003180200000,0x0000003180300000)]
  0x000001a13e35d800 JavaThread "Attach Listener" daemon [_thread_blocked, id=6388, stack(0x0000003180300000,0x0000003180400000)]
  0x000001a13e35e800 JavaThread "Service Thread" daemon [_thread_blocked, id=12992, stack(0x0000003180400000,0x0000003180500000)]
  0x000001a13e362800 JavaThread "C1 CompilerThread0" daemon [_thread_blocked, id=9828, stack(0x0000003180500000,0x0000003180600000)]
  0x000001a13e392000 JavaThread "Sweeper thread" daemon [_thread_blocked, id=9812, stack(0x0000003180600000,0x0000003180700000)]
  0x000001a13e46f800 JavaThread "Common-Cleaner" daemon [_thread_blocked, id=15380, stack(0x0000003180700000,0x0000003180800000)]
  0x000001a13e4a3800 JavaThread "Notification Thread" daemon [_thread_blocked, id=4436, stack(0x0000003180800000,0x0000003180900000)]
  0x000001a13eac8000 JavaThread "RMI TCP Accept-0" daemon [_thread_in_native, id=9152, stack(0x0000003180900000,0x0000003180a00000)]
  0x000001a13eacd000 JavaThread "RMI TCP Accept-55890" daemon [_thread_in_native, id=9756, stack(0x0000003180a00000,0x0000003180b00000)]
  0x000001a13eb1a000 JavaThread "RMI TCP Accept-0" daemon [_thread_in_native, id=12280, stack(0x0000003180b00000,0x0000003180c00000)]
  0x000001a13ef81000 JavaThread "RMI Scheduler(0)" daemon [_thread_blocked, id=12044, stack(0x0000003181400000,0x0000003181500000)]
  0x000001a13efa1000 JavaThread "JMX server connection timeout 24" daemon [_thread_blocked, id=5624, stack(0x0000003181600000,0x0000003181700000)]
  0x000001a141eb6000 JavaThread "Live Reload Server" daemon [_thread_in_native, id=15192, stack(0x0000003182400000,0x0000003182500000)]
  0x000001a141ebb000 JavaThread "DestroyJavaVM" [_thread_blocked, id=6400, stack(0x00000031ff900000,0x00000031ffa00000)]
  0x000001a143dc4800 JavaThread "RMI TCP Connection(19)-127.0.0.1" daemon [_thread_in_native, id=14200, stack(0x0000003183400000,0x0000003183500000)]
  0x000001a143dc5800 JavaThread "Thread-5" [_thread_blocked, id=7960, stack(0x0000003181200000,0x0000003181300000)]
  0x000001a143dc3000 JavaThread "restartedMain" [_thread_blocked, id=2560, stack(0x0000003181500000,0x0000003181600000)]
  0x000001a143dc7000 JavaThread "HikariPool-2 housekeeper" daemon [_thread_blocked, id=12336, stack(0x0000003181c00000,0x0000003181d00000)]
  0x000001a143dc3800 JavaThread "Catalina-utility-1" [_thread_blocked, id=9016, stack(0x0000003181d00000,0x0000003181e00000)]
  0x000001a143dc6000 JavaThread "Catalina-utility-2" [_thread_blocked, id=16388, stack(0x0000003181e00000,0x0000003181f00000)]
  0x000001a143dc1800 JavaThread "container-0" [_thread_blocked, id=9788, stack(0x0000003181f00000,0x0000003182000000)]
  0x000001a143dc8000 JavaThread "task-1" [_thread_blocked, id=9240, stack(0x0000003182100000,0x0000003182200000)]
  0x000001a143dc2000 JavaThread "HikariPool-2 connection adder" daemon [_thread_blocked, id=9364, stack(0x0000003182200000,0x0000003182300000)]
  0x000001a143dce800 JavaThread "File Watcher" daemon [_thread_blocked, id=14696, stack(0x0000003182300000,0x0000003182400000)]
  0x000001a143dc8800 JavaThread "http-nio-8081-BlockPoller" daemon [_thread_in_native, id=9100, stack(0x0000003182500000,0x0000003182600000)]
  0x000001a143dcd800 JavaThread "http-nio-8081-exec-1" daemon [_thread_blocked, id=7244, stack(0x0000003182600000,0x0000003182700000)]
  0x000001a143dcc000 JavaThread "http-nio-8081-exec-2" daemon [_thread_blocked, id=4676, stack(0x0000003182700000,0x0000003182800000)]
  0x000001a143dca800 JavaThread "http-nio-8081-exec-3" daemon [_thread_blocked, id=2916, stack(0x0000003182800000,0x0000003182900000)]
  0x000001a143dcf000 JavaThread "http-nio-8081-exec-4" daemon [_thread_blocked, id=7016, stack(0x0000003182900000,0x0000003182a00000)]
  0x000001a143dc9800 JavaThread "http-nio-8081-exec-5" daemon [_thread_blocked, id=16116, stack(0x0000003182a00000,0x0000003182b00000)]
  0x000001a143dd0000 JavaThread "http-nio-8081-exec-6" daemon [_thread_blocked, id=16696, stack(0x0000003182b00000,0x0000003182c00000)]
  0x000001a143dcb000 JavaThread "http-nio-8081-exec-7" daemon [_thread_blocked, id=10488, stack(0x0000003182c00000,0x0000003182d00000)]
  0x000001a143dcc800 JavaThread "http-nio-8081-exec-8" daemon [_thread_blocked, id=2376, stack(0x0000003182d00000,0x0000003182e00000)]
  0x000001a141eb0800 JavaThread "http-nio-8081-exec-9" daemon [_thread_blocked, id=16328, stack(0x0000003182e00000,0x0000003182f00000)]
  0x000001a141eb7000 JavaThread "http-nio-8081-exec-10" daemon [_thread_blocked, id=11408, stack(0x0000003182f00000,0x0000003183000000)]
  0x000001a141eb5000 JavaThread "http-nio-8081-ClientPoller" daemon [_thread_in_native, id=14556, stack(0x0000003183000000,0x0000003183100000)]
  0x000001a141eb1000 JavaThread "http-nio-8081-Acceptor" daemon [_thread_in_native, id=1948, stack(0x0000003183100000,0x0000003183200000)]
  0x000001a141eb7800 JavaThread "RMI TCP Connection(20)-127.0.0.1" daemon [_thread_in_native, id=3124, stack(0x0000003183200000,0x0000003183300000)]
  0x000001a141eb2000 JavaThread "RMI TCP Connection(21)-127.0.0.1" daemon [_thread_in_native, id=11268, stack(0x0000003183300000,0x0000003183400000)]
  0x000001a141eb8800 JavaThread "RMI TCP Connection(22)-127.0.0.1" daemon [_thread_in_native, id=8340, stack(0x0000003183500000,0x0000003183600000)]

Other Threads:
=>0x000001a13db2e800 VMThread "VM Thread" [stack: 0x00000031fff00000,0x0000003200000000] [id=13252]
  0x000001a13eb1b000 WatcherThread [stack: 0x0000003180c00000,0x0000003180d00000] [id=11236]
  0x000001a11a4b1800 GCTaskThread "GC Thread#0" [stack: 0x00000031ffa00000,0x00000031ffb00000] [id=6464]
  0x000001a13ee9c800 GCTaskThread "GC Thread#1" [stack: 0x0000003180d00000,0x0000003180e00000] [id=2656]
  0x000001a13eef2800 GCTaskThread "GC Thread#2" [stack: 0x0000003180e00000,0x0000003180f00000] [id=9580]
  0x000001a13eef3000 GCTaskThread "GC Thread#3" [stack: 0x0000003180f00000,0x0000003181000000] [id=12920]
  0x000001a13fad4800 GCTaskThread "GC Thread#4" [stack: 0x0000003181800000,0x0000003181900000] [id=3216]
  0x000001a13fc7f000 GCTaskThread "GC Thread#5" [stack: 0x0000003181900000,0x0000003181a00000] [id=14828]
  0x000001a13fc7b000 GCTaskThread "GC Thread#6" [stack: 0x0000003181a00000,0x0000003181b00000] [id=15496]
  0x000001a13fd18800 GCTaskThread "GC Thread#7" [stack: 0x0000003181b00000,0x0000003181c00000] [id=9080]
  0x000001a11a4cb800 ConcurrentGCThread "G1 Main Marker" [stack: 0x00000031ffb00000,0x00000031ffc00000] [id=16716]
  0x000001a11a4cd800 ConcurrentGCThread "G1 Conc#0" [stack: 0x00000031ffc00000,0x00000031ffd00000] [id=7472]
  0x000001a140024800 ConcurrentGCThread "G1 Conc#1" [stack: 0x0000003181700000,0x0000003181800000] [id=12912]
  0x000001a13d9ac800 ConcurrentGCThread "G1 Refine#0" [stack: 0x00000031ffd00000,0x00000031ffe00000] [id=12400]
  0x000001a13eef5000 ConcurrentGCThread "G1 Refine#1" [stack: 0x0000003181000000,0x0000003181100000] [id=3344]
  0x000001a13d9ad800 ConcurrentGCThread "G1 Young RemSet Sampling" [stack: 0x00000031ffe00000,0x00000031fff00000] [id=14708]

Threads with active compile tasks:
C1 CompilerThread0   657032 11361       1       org.h2.mvstore.MVMap::<init> (121 bytes)

VM state:at safepoint (normal execution)

VM Mutex/Monitor currently owned by a thread:  ([mutex/lock_event])
[0x000001a11a44bba0] Threads_lock - owner thread: 0x000001a13db2e800
[0x000001a11a456c90] Heap_lock - owner thread: 0x000001a11a4cb800

Heap address: 0x0000000741000000, size: 3056 MB, Compressed Oops mode: Zero based, Oop shift amount: 3
Narrow klass base: 0x0000000800000000, Narrow klass shift: 3
Compressed class space size: 1073741824 Address: 0x0000000800b30000

Heap:
 garbage-first heap   total 152576K, used 84729K [0x0000000741000000, 0x0000000800000000)
  region size 1024K, 26 young (26624K), 2 survivors (2048K)
 Metaspace       used 63691K, capacity 65628K, committed 65968K, reserved 1105920K
  class space    used 8629K, capacity 9349K, committed 9472K, reserved 1048576K
Heap Regions: E=young(eden), S=young(survivor), O=old, HS=humongous(starts), HC=humongous(continues), CS=collection set, F=free, OA=open archive, CA=closed archive, TAMS=top-at-mark-start (previous, next)
|   0|0x0000000741000000, 0x0000000741100000, 0x0000000741100000|100%|HS|  |TAMS 0x0000000741100000, 0x0000000741000000| Updating 
|   1|0x0000000741100000, 0x00000007411fd080, 0x0000000741200000| 98%| O|  |TAMS 0x00000007411fd080, 0x0000000741100000| Updating 
|   2|0x0000000741200000, 0x00000007412fe8b0, 0x0000000741300000| 99%| O|  |TAMS 0x00000007412fe8b0, 0x0000000741200000| Updating 
|   3|0x0000000741300000, 0x00000007413ffff0, 0x0000000741400000| 99%| O|  |TAMS 0x00000007413ffff0, 0x0000000741300000| Updating 
|   4|0x0000000741400000, 0x0000000741500000, 0x0000000741500000|100%| O|  |TAMS 0x0000000741500000, 0x0000000741400000| Updating 
|   5|0x0000000741500000, 0x0000000741600000, 0x0000000741600000|100%| O|  |TAMS 0x0000000741600000, 0x0000000741500000| Updating 
|   6|0x0000000741600000, 0x00000007416ffff0, 0x0000000741700000| 99%| O|  |TAMS 0x00000007416ffff0, 0x0000000741600000| Updating 
|   7|0x0000000741700000, 0x00000007417fffe8, 0x0000000741800000| 99%| O|  |TAMS 0x00000007417fffe8, 0x0000000741700000| Updating 
|   8|0x0000000741800000, 0x0000000741900000, 0x0000000741900000|100%| O|  |TAMS 0x0000000741900000, 0x0000000741800000| Updating 
|   9|0x0000000741900000, 0x00000007419ffff0, 0x0000000741a00000| 99%| O|  |TAMS 0x00000007419ffff0, 0x0000000741900000| Updating 
|  10|0x0000000741a00000, 0x0000000741afffd8, 0x0000000741b00000| 99%| O|  |TAMS 0x0000000741afffd8, 0x0000000741a00000| Updating 
|  11|0x0000000741b00000, 0x0000000741bffff8, 0x0000000741c00000| 99%| O|  |TAMS 0x0000000741bffff8, 0x0000000741b00000| Updating 
|  12|0x0000000741c00000, 0x0000000741cfff68, 0x0000000741d00000| 99%| O|  |TAMS 0x0000000741cfff68, 0x0000000741c00000| Updating 
|  13|0x0000000741d00000, 0x0000000741dfffe8, 0x0000000741e00000| 99%| O|  |TAMS 0x0000000741dfffe8, 0x0000000741d00000| Updating 
|  14|0x0000000741e00000, 0x0000000741efffd8, 0x0000000741f00000| 99%| O|  |TAMS 0x0000000741efffd8, 0x0000000741e00000| Updating 
|  15|0x0000000741f00000, 0x0000000741fffff0, 0x0000000742000000| 99%| O|  |TAMS 0x0000000741fffff0, 0x0000000741f00000| Updating 
|  16|0x0000000742000000, 0x00000007420fffe8, 0x0000000742100000| 99%| O|  |TAMS 0x00000007420fffe8, 0x0000000742000000| Updating 
|  17|0x0000000742100000, 0x00000007421fff78, 0x0000000742200000| 99%| O|  |TAMS 0x00000007421fff78, 0x0000000742100000| Updating 
|  18|0x0000000742200000, 0x00000007422fffb8, 0x0000000742300000| 99%| O|  |TAMS 0x00000007422fffb8, 0x0000000742200000| Updating 
|  19|0x0000000742300000, 0x00000007423fffd0, 0x0000000742400000| 99%| O|  |TAMS 0x00000007423fffd0, 0x0000000742300000| Updating 
|  20|0x0000000742400000, 0x00000007424fffe0, 0x0000000742500000| 99%| O|  |TAMS 0x00000007424fffe0, 0x0000000742400000| Updating 
|  21|0x0000000742500000, 0x00000007425ffff8, 0x0000000742600000| 99%| O|  |TAMS 0x00000007425ffff8, 0x0000000742500000| Updating 
|  22|0x0000000742600000, 0x00000007426ffff0, 0x0000000742700000| 99%| O|  |TAMS 0x00000007426ffff0, 0x0000000742600000| Updating 
|  23|0x0000000742700000, 0x0000000742800000, 0x0000000742800000|100%| O|  |TAMS 0x0000000742800000, 0x0000000742700000| Updating 
|  24|0x0000000742800000, 0x00000007428ffff0, 0x0000000742900000| 99%| O|  |TAMS 0x00000007428ffff0, 0x0000000742800000| Updating 
|  25|0x0000000742900000, 0x0000000742a00000, 0x0000000742a00000|100%| O|  |TAMS 0x0000000742a00000, 0x0000000742900000| Updating 
|  26|0x0000000742a00000, 0x0000000742b00000, 0x0000000742b00000|100%| O|  |TAMS 0x0000000742b00000, 0x0000000742a00000| Updating 
|  27|0x0000000742b00000, 0x0000000742c00000, 0x0000000742c00000|100%| O|  |TAMS 0x0000000742c00000, 0x0000000742b00000| Updating 
|  28|0x0000000742c00000, 0x0000000742cffff8, 0x0000000742d00000| 99%| O|  |TAMS 0x0000000742cffff8, 0x0000000742c00000| Updating 
|  29|0x0000000742d00000, 0x0000000742d4d338, 0x0000000742e00000| 30%| O|  |TAMS 0x0000000742d4d338, 0x0000000742d00000| Updating 
|  30|0x0000000742e00000, 0x0000000742effff8, 0x0000000742f00000| 99%| O|  |TAMS 0x0000000742effff8, 0x0000000742e00000| Updating 
|  31|0x0000000742f00000, 0x0000000743000000, 0x0000000743000000|100%| O|  |TAMS 0x0000000743000000, 0x0000000742f00000| Updating 
|  32|0x0000000743000000, 0x00000007430fffc0, 0x0000000743100000| 99%| O|  |TAMS 0x00000007430fffc0, 0x0000000743000000| Updating 
|  33|0x0000000743100000, 0x00000007431ffff0, 0x0000000743200000| 99%| O|  |TAMS 0x00000007431ffff0, 0x0000000743100000| Updating 
|  34|0x0000000743200000, 0x00000007432fffe8, 0x0000000743300000| 99%| O|  |TAMS 0x00000007432fffe8, 0x0000000743200000| Updating 
|  35|0x0000000743300000, 0x0000000743400000, 0x0000000743400000|100%| O|  |TAMS 0x0000000743400000, 0x0000000743300000| Updating 
|  36|0x0000000743400000, 0x00000007434fffe0, 0x0000000743500000| 99%| O|  |TAMS 0x00000007434fffe0, 0x0000000743400000| Updating 
|  37|0x0000000743500000, 0x0000000743600000, 0x0000000743600000|100%| O|  |TAMS 0x0000000743600000, 0x0000000743500000| Updating 
|  38|0x0000000743600000, 0x0000000743700000, 0x0000000743700000|100%| O|  |TAMS 0x0000000743700000, 0x0000000743600000| Updating 
|  39|0x0000000743700000, 0x00000007437395b8, 0x0000000743800000| 22%| O|  |TAMS 0x00000007437395b8, 0x0000000743700000| Updating 
|  40|0x0000000743800000, 0x0000000743900000, 0x0000000743900000|100%| O|  |TAMS 0x0000000743900000, 0x0000000743800000| Updating 
|  41|0x0000000743900000, 0x000000074390bb78, 0x0000000743a00000|  4%| O|  |TAMS 0x000000074390bb78, 0x0000000743900000| Updating 
|  42|0x0000000743a00000, 0x0000000743b00000, 0x0000000743b00000|100%| O|  |TAMS 0x0000000743b00000, 0x0000000743a00000| Updating 
|  43|0x0000000743b00000, 0x0000000743be3f70, 0x0000000743c00000| 89%| O|  |TAMS 0x0000000743be3f70, 0x0000000743b00000| Updating 
|  44|0x0000000743c00000, 0x0000000743c53390, 0x0000000743d00000| 32%| O|  |TAMS 0x0000000743c53390, 0x0000000743c00000| Updating 
|  45|0x0000000743d00000, 0x0000000743e00000, 0x0000000743e00000|100%| O|  |TAMS 0x0000000743e00000, 0x0000000743d00000| Updating 
|  46|0x0000000743e00000, 0x0000000743f00000, 0x0000000743f00000|100%| O|  |TAMS 0x0000000743f00000, 0x0000000743e00000| Updating 
|  47|0x0000000743f00000, 0x0000000744000000, 0x0000000744000000|100%| O|  |TAMS 0x0000000744000000, 0x0000000743f00000| Updating 
|  48|0x0000000744000000, 0x0000000744100000, 0x0000000744100000|100%| O|  |TAMS 0x0000000744100000, 0x0000000744000000| Updating 
|  49|0x0000000744100000, 0x0000000744200000, 0x0000000744200000|100%| O|  |TAMS 0x0000000744200000, 0x0000000744100000| Updating 
|  50|0x0000000744200000, 0x0000000744300000, 0x0000000744300000|100%| O|  |TAMS 0x0000000744300000, 0x0000000744200000| Updating 
|  51|0x0000000744300000, 0x0000000744400000, 0x0000000744400000|100%| O|  |TAMS 0x0000000744400000, 0x0000000744300000| Updating 
|  52|0x0000000744400000, 0x0000000744500000, 0x0000000744500000|100%| O|  |TAMS 0x0000000744500000, 0x0000000744400000| Updating 
|  53|0x0000000744500000, 0x0000000744600000, 0x0000000744600000|100%| O|  |TAMS 0x0000000744600000, 0x0000000744500000| Updating 
|  54|0x0000000744600000, 0x0000000744700000, 0x0000000744700000|100%| O|  |TAMS 0x0000000744700000, 0x0000000744600000| Updating 
|  55|0x0000000744700000, 0x0000000744800000, 0x0000000744800000|100%| O|  |TAMS 0x0000000744800000, 0x0000000744700000| Updating 
|  56|0x0000000744800000, 0x0000000744900000, 0x0000000744900000|100%| O|  |TAMS 0x0000000744900000, 0x0000000744800000| Updating 
|  57|0x0000000744900000, 0x0000000744a00000, 0x0000000744a00000|100%| O|  |TAMS 0x0000000744914c00, 0x0000000744900000| Untracked 
|  58|0x0000000744a00000, 0x0000000744b00000, 0x0000000744b00000|100%| O|  |TAMS 0x0000000744a00000, 0x0000000744a00000| Untracked 
|  59|0x0000000744b00000, 0x0000000744c00000, 0x0000000744c00000|100%| O|  |TAMS 0x0000000744b00000, 0x0000000744b00000| Untracked 
|  60|0x0000000744c00000, 0x0000000744d00000, 0x0000000744d00000|100%| O|  |TAMS 0x0000000744c00000, 0x0000000744c00000| Untracked 
|  61|0x0000000744d00000, 0x0000000744e00000, 0x0000000744e00000|100%| O|  |TAMS 0x0000000744d00000, 0x0000000744d00000| Untracked 
|  62|0x0000000744e00000, 0x0000000744e2ec00, 0x0000000744f00000| 18%| O|  |TAMS 0x0000000744e00000, 0x0000000744e00000| Updating 
|  63|0x0000000744f00000, 0x0000000744f00000, 0x0000000745000000|  0%| F|  |TAMS 0x0000000744f00000, 0x0000000744f00000| Untracked 
|  64|0x0000000745000000, 0x0000000745000000, 0x0000000745100000|  0%| F|  |TAMS 0x0000000745000000, 0x0000000745000000| Untracked 
|  65|0x0000000745100000, 0x0000000745100000, 0x0000000745200000|  0%| F|  |TAMS 0x0000000745100000, 0x0000000745100000| Untracked 
|  66|0x0000000745200000, 0x0000000745200000, 0x0000000745300000|  0%| F|  |TAMS 0x0000000745200000, 0x0000000745200000| Untracked 
|  67|0x0000000745300000, 0x0000000745300000, 0x0000000745400000|  0%| F|  |TAMS 0x0000000745300000, 0x0000000745300000| Untracked 
|  68|0x0000000745400000, 0x0000000745400000, 0x0000000745500000|  0%| F|  |TAMS 0x0000000745400000, 0x0000000745400000| Untracked 
|  69|0x0000000745500000, 0x0000000745500000, 0x0000000745600000|  0%| F|  |TAMS 0x0000000745500000, 0x0000000745500000| Untracked 
|  70|0x0000000745600000, 0x0000000745600000, 0x0000000745700000|  0%| F|  |TAMS 0x0000000745600000, 0x0000000745600000| Untracked 
|  71|0x0000000745700000, 0x0000000745700000, 0x0000000745800000|  0%| F|  |TAMS 0x0000000745700000, 0x0000000745700000| Untracked 
|  72|0x0000000745800000, 0x0000000745800000, 0x0000000745900000|  0%| F|  |TAMS 0x0000000745800000, 0x0000000745800000| Untracked 
|  73|0x0000000745900000, 0x0000000745900000, 0x0000000745a00000|  0%| F|  |TAMS 0x0000000745900000, 0x0000000745900000| Untracked 
|  74|0x0000000745a00000, 0x0000000745a00000, 0x0000000745b00000|  0%| F|  |TAMS 0x0000000745a00000, 0x0000000745a00000| Untracked 
|  75|0x0000000745b00000, 0x0000000745b00000, 0x0000000745c00000|  0%| F|  |TAMS 0x0000000745b00000, 0x0000000745b00000| Untracked 
|  76|0x0000000745c00000, 0x0000000745c00000, 0x0000000745d00000|  0%| F|  |TAMS 0x0000000745c00000, 0x0000000745c00000| Untracked 
|  77|0x0000000745d00000, 0x0000000745d00000, 0x0000000745e00000|  0%| F|  |TAMS 0x0000000745d00000, 0x0000000745d00000| Untracked 
|  78|0x0000000745e00000, 0x0000000745e00000, 0x0000000745f00000|  0%| F|  |TAMS 0x0000000745e00000, 0x0000000745e00000| Untracked 
|  79|0x0000000745f00000, 0x0000000745f00000, 0x0000000746000000|  0%| F|  |TAMS 0x0000000745f00000, 0x0000000745f00000| Untracked 
|  80|0x0000000746000000, 0x0000000746000000, 0x0000000746100000|  0%| F|  |TAMS 0x0000000746000000, 0x0000000746000000| Untracked 
|  81|0x0000000746100000, 0x0000000746100000, 0x0000000746200000|  0%| F|  |TAMS 0x0000000746100000, 0x0000000746100000| Untracked 
|  82|0x0000000746200000, 0x00000007462cad60, 0x0000000746300000| 79%| S|CS|TAMS 0x0000000746200000, 0x0000000746200000| Complete 
|  83|0x0000000746300000, 0x0000000746400000, 0x0000000746400000|100%| S|CS|TAMS 0x0000000746300000, 0x0000000746300000| Complete 
|  84|0x0000000746400000, 0x0000000746400000, 0x0000000746500000|  0%| F|  |TAMS 0x0000000746400000, 0x0000000746400000| Untracked 
|  85|0x0000000746500000, 0x0000000746500000, 0x0000000746600000|  0%| F|  |TAMS 0x0000000746500000, 0x0000000746500000| Untracked 
|  86|0x0000000746600000, 0x0000000746600000, 0x0000000746700000|  0%| F|  |TAMS 0x0000000746600000, 0x0000000746600000| Untracked 
|  87|0x0000000746700000, 0x0000000746700000, 0x0000000746800000|  0%| F|  |TAMS 0x0000000746700000, 0x0000000746700000| Untracked 
|  88|0x0000000746800000, 0x0000000746800000, 0x0000000746900000|  0%| F|  |TAMS 0x0000000746800000, 0x0000000746800000| Untracked 
|  89|0x0000000746900000, 0x0000000746900000, 0x0000000746a00000|  0%| F|  |TAMS 0x0000000746900000, 0x0000000746900000| Untracked 
|  90|0x0000000746a00000, 0x0000000746a00000, 0x0000000746b00000|  0%| F|  |TAMS 0x0000000746a00000, 0x0000000746a00000| Untracked 
|  91|0x0000000746b00000, 0x0000000746b00000, 0x0000000746c00000|  0%| F|  |TAMS 0x0000000746b00000, 0x0000000746b00000| Untracked 
|  92|0x0000000746c00000, 0x0000000746c00000, 0x0000000746d00000|  0%| F|  |TAMS 0x0000000746c00000, 0x0000000746c00000| Untracked 
|  93|0x0000000746d00000, 0x0000000746d00000, 0x0000000746e00000|  0%| F|  |TAMS 0x0000000746d00000, 0x0000000746d00000| Untracked 
|  94|0x0000000746e00000, 0x0000000746e00000, 0x0000000746f00000|  0%| F|  |TAMS 0x0000000746e00000, 0x0000000746e00000| Untracked 
|  95|0x0000000746f00000, 0x0000000746f00000, 0x0000000747000000|  0%| F|  |TAMS 0x0000000746f00000, 0x0000000746f00000| Untracked 
|  96|0x0000000747000000, 0x0000000747100000, 0x0000000747100000|100%| E|  |TAMS 0x0000000747000000, 0x0000000747000000| Complete 
|  97|0x0000000747100000, 0x0000000747200000, 0x0000000747200000|100%| E|CS|TAMS 0x0000000747100000, 0x0000000747100000| Complete 
|  98|0x0000000747200000, 0x0000000747300000, 0x0000000747300000|100%| E|  |TAMS 0x0000000747200000, 0x0000000747200000| Complete 
|  99|0x0000000747300000, 0x0000000747400000, 0x0000000747400000|100%| E|CS|TAMS 0x0000000747300000, 0x0000000747300000| Complete 
| 100|0x0000000747400000, 0x0000000747500000, 0x0000000747500000|100%| E|CS|TAMS 0x0000000747400000, 0x0000000747400000| Complete 
| 101|0x0000000747500000, 0x0000000747600000, 0x0000000747600000|100%| E|CS|TAMS 0x0000000747500000, 0x0000000747500000| Complete 
| 102|0x0000000747600000, 0x0000000747700000, 0x0000000747700000|100%| E|CS|TAMS 0x0000000747600000, 0x0000000747600000| Complete 
| 103|0x0000000747700000, 0x0000000747800000, 0x0000000747800000|100%| E|CS|TAMS 0x0000000747700000, 0x0000000747700000| Complete 
| 104|0x0000000747800000, 0x0000000747900000, 0x0000000747900000|100%| E|CS|TAMS 0x0000000747800000, 0x0000000747800000| Complete 
| 105|0x0000000747900000, 0x0000000747a00000, 0x0000000747a00000|100%| E|CS|TAMS 0x0000000747900000, 0x0000000747900000| Complete 
| 106|0x0000000747a00000, 0x0000000747b00000, 0x0000000747b00000|100%| E|CS|TAMS 0x0000000747a00000, 0x0000000747a00000| Complete 
| 107|0x0000000747b00000, 0x0000000747c00000, 0x0000000747c00000|100%| E|CS|TAMS 0x0000000747b00000, 0x0000000747b00000| Complete 
| 108|0x0000000747c00000, 0x0000000747d00000, 0x0000000747d00000|100%| E|CS|TAMS 0x0000000747c00000, 0x0000000747c00000| Complete 
| 109|0x0000000747d00000, 0x0000000747e00000, 0x0000000747e00000|100%| E|CS|TAMS 0x0000000747d00000, 0x0000000747d00000| Complete 
| 110|0x0000000747e00000, 0x0000000747f00000, 0x0000000747f00000|100%| E|CS|TAMS 0x0000000747e00000, 0x0000000747e00000| Complete 
| 111|0x0000000747f00000, 0x0000000748000000, 0x0000000748000000|100%| E|CS|TAMS 0x0000000747f00000, 0x0000000747f00000| Complete 
| 112|0x0000000748000000, 0x0000000748100000, 0x0000000748100000|100%| E|CS|TAMS 0x0000000748000000, 0x0000000748000000| Complete 
| 113|0x0000000748100000, 0x0000000748200000, 0x0000000748200000|100%| E|CS|TAMS 0x0000000748100000, 0x0000000748100000| Complete 
| 114|0x0000000748200000, 0x0000000748300000, 0x0000000748300000|100%| E|CS|TAMS 0x0000000748200000, 0x0000000748200000| Complete 
| 115|0x0000000748300000, 0x0000000748400000, 0x0000000748400000|100%| E|CS|TAMS 0x0000000748300000, 0x0000000748300000| Complete 
| 116|0x0000000748400000, 0x0000000748500000, 0x0000000748500000|100%| E|CS|TAMS 0x0000000748400000, 0x0000000748400000| Complete 
| 117|0x0000000748500000, 0x0000000748600000, 0x0000000748600000|100%| E|CS|TAMS 0x0000000748500000, 0x0000000748500000| Complete 
| 118|0x0000000748600000, 0x0000000748700000, 0x0000000748700000|100%| E|CS|TAMS 0x0000000748600000, 0x0000000748600000| Complete 
| 191|0x000000074cf00000, 0x000000074d000000, 0x000000074d000000|100%| E|CS|TAMS 0x000000074cf00000, 0x000000074cf00000| Complete 

Card table byte_map: [0x000001a134460000,0x000001a134a60000] _byte_map_base: 0x000001a130a58000

Marking Bits (Prev, Next): (CMBitMap*) 0x000001a11a4b2288, (CMBitMap*) 0x000001a11a4b22c8
 Prev Bits: [0x000001a135060000, 0x000001a138020000)
 Next Bits: [0x000001a138020000, 0x000001a13afe0000)

Polling page: 0x000001a1243b0000

Metaspace:

Usage:
  Non-class:     54.96 MB capacity,    53.77 MB ( 98%) used,   994.95 KB (  2%) free+waste,   222.31 KB ( <1%) overhead. 
      Class:      9.13 MB capacity,     8.43 MB ( 92%) used,   611.80 KB (  7%) free+waste,   107.56 KB (  1%) overhead. 
       Both:     64.09 MB capacity,    62.20 MB ( 97%) used,     1.57 MB (  2%) free+waste,   329.88 KB ( <1%) overhead. 

Virtual space:
  Non-class space:       56.00 MB reserved,      55.17 MB ( 99%) committed 
      Class space:        1.00 GB reserved,       9.25 MB ( <1%) committed 
             Both:        1.05 GB reserved,      64.42 MB (  6%) committed 

Chunk freelists:
   Non-Class:  89.00 KB
       Class:  27.00 KB
        Both:  116.00 KB

MaxMetaspaceSize: 17179869184.00 GB
CompressedClassSpaceSize: 1.00 GB

CodeHeap 'non-profiled nmethods': size=238336Kb used=19806Kb max_used=19806Kb free=218529Kb
 bounds [0x000001a124b10000, 0x000001a125e70000, 0x000001a1333d0000]
CodeHeap 'non-nmethods': size=7424Kb used=1349Kb max_used=1349Kb free=6074Kb
 bounds [0x000001a1243d0000, 0x000001a124640000, 0x000001a124b10000]
 total_blobs=12007 nmethods=11357 adapters=574
 compilation: enabled
              stopped_count=0, restarted_count=0
 full_count=0

Compilation events (20 events):
Event: 656.984 Thread 0x000001a13e362800 nmethod 11374 0x000001a125e61090 code [0x000001a125e61260, 0x000001a125e61578]
Event: 656.984 Thread 0x000001a13e362800 11375       1       org.h2.value.ValueInt::getSQL (9 bytes)
Event: 656.984 Thread 0x000001a13e362800 nmethod 11375 0x000001a125e61710 code [0x000001a125e618a0, 0x000001a125e619a8]
Event: 656.984 Thread 0x000001a13e362800 11376       1       org.h2.table.TableView::getBestPlanItem (127 bytes)
Event: 656.985 Thread 0x000001a13e362800 nmethod 11376 0x000001a125e61a90 code [0x000001a125e61cc0, 0x000001a125e622b8]
Event: 656.985 Thread 0x000001a13e362800 11377       1       org.h2.table.TableView$CacheKey::<init> (15 bytes)
Event: 656.985 Thread 0x000001a13e362800 nmethod 11377 0x000001a125e62610 code [0x000001a125e627a0, 0x000001a125e62918]
Event: 656.985 Thread 0x000001a13e362800 11378       1       org.h2.engine.Session::getViewIndexCache (49 bytes)
Event: 656.985 Thread 0x000001a13e362800 nmethod 11378 0x000001a125e62990 code [0x000001a125e62b60, 0x000001a125e62ec8]
Event: 656.985 Thread 0x000001a13e362800 11379       1       org.h2.index.ViewIndex::<init> (112 bytes)
Event: 656.986 Thread 0x000001a13e362800 nmethod 11379 0x000001a125e63010 code [0x000001a125e631e0, 0x000001a125e637f8]
Event: 656.986 Thread 0x000001a13e362800 11357       1       org.h2.mvstore.MVStore::openMap (284 bytes)
Event: 656.988 Thread 0x000001a13e362800 nmethod 11357 0x000001a125e63a10 code [0x000001a125e63da0, 0x000001a125e64e98]
Event: 656.988 Thread 0x000001a13e362800 11358       1       org.h2.mvstore.MVStore::getMapId (43 bytes)
Event: 656.989 Thread 0x000001a13e362800 nmethod 11358 0x000001a125e65990 code [0x000001a125e65be0, 0x000001a125e66408]
Event: 656.989 Thread 0x000001a13e362800 11359       1       org.h2.mvstore.MVMap$BasicBuilder::create (84 bytes)
Event: 656.990 Thread 0x000001a13e362800 nmethod 11359 0x000001a125e66810 code [0x000001a125e66a00, 0x000001a125e67018]
Event: 656.990 Thread 0x000001a13e362800 11360       1       org.h2.mvstore.MVMap$Builder::create (57 bytes)
Event: 656.990 Thread 0x000001a13e362800 nmethod 11360 0x000001a125e67210 code [0x000001a125e67400, 0x000001a125e67708]
Event: 656.990 Thread 0x000001a13e362800 11361       1       org.h2.mvstore.MVMap::<init> (121 bytes)

GC Heap History (20 events):
Event: 589.151 GC heap before
{Heap before GC invocations=31 (full 0):
 garbage-first heap   total 122880K, used 104496K [0x0000000741000000, 0x0000000800000000)
  region size 1024K, 54 young (55296K), 4 survivors (4096K)
 Metaspace       used 61198K, capacity 63122K, committed 63280K, reserved 1103872K
  class space    used 8342K, capacity 9034K, committed 9088K, reserved 1048576K
}
Event: 589.154 GC heap after
{Heap after GC invocations=32 (full 0):
 garbage-first heap   total 122880K, used 53439K [0x0000000741000000, 0x0000000800000000)
  region size 1024K, 4 young (4096K), 4 survivors (4096K)
 Metaspace       used 61198K, capacity 63122K, committed 63280K, reserved 1103872K
  class space    used 8342K, capacity 9034K, committed 9088K, reserved 1048576K
}
Event: 654.499 GC heap before
{Heap before GC invocations=32 (full 0):
 garbage-first heap   total 122880K, used 81087K [0x0000000741000000, 0x0000000800000000)
  region size 1024K, 32 young (32768K), 4 survivors (4096K)
 Metaspace       used 61521K, capacity 63406K, committed 63536K, reserved 1103872K
  class space    used 8387K, capacity 9086K, committed 9088K, reserved 1048576K
}
Event: 654.571 GC heap after
{Heap after GC invocations=33 (full 1):
 garbage-first heap   total 122880K, used 40723K [0x0000000741000000, 0x0000000800000000)
  region size 1024K, 0 young (0K), 0 survivors (0K)
 Metaspace       used 61486K, capacity 63352K, committed 63536K, reserved 1103872K
  class space    used 8382K, capacity 9077K, committed 9088K, reserved 1048576K
}
Event: 655.255 GC heap before
{Heap before GC invocations=33 (full 1):
 garbage-first heap   total 122880K, used 101139K [0x0000000741000000, 0x0000000800000000)
  region size 1024K, 60 young (61440K), 0 survivors (0K)
 Metaspace       used 61816K, capacity 63747K, committed 63920K, reserved 1103872K
  class space    used 8437K, capacity 9160K, committed 9216K, reserved 1048576K
}
Event: 655.258 GC heap after
{Heap after GC invocations=34 (full 1):
 garbage-first heap   total 122880K, used 43900K [0x0000000741000000, 0x0000000800000000)
  region size 1024K, 4 young (4096K), 4 survivors (4096K)
 Metaspace       used 61816K, capacity 63747K, committed 63920K, reserved 1103872K
  class space    used 8437K, capacity 9160K, committed 9216K, reserved 1048576K
}
Event: 655.520 GC heap before
{Heap before GC invocations=34 (full 1):
 garbage-first heap   total 122880K, used 99196K [0x0000000741000000, 0x0000000800000000)
  region size 1024K, 59 young (60416K), 4 survivors (4096K)
 Metaspace       used 62478K, capacity 64471K, committed 64816K, reserved 1105920K
  class space    used 8504K, capacity 9240K, committed 9344K, reserved 1048576K
}
Event: 655.523 GC heap after
{Heap after GC invocations=35 (full 1):
 garbage-first heap   total 122880K, used 45106K [0x0000000741000000, 0x0000000800000000)
  region size 1024K, 5 young (5120K), 5 survivors (5120K)
 Metaspace       used 62478K, capacity 64471K, committed 64816K, reserved 1105920K
  class space    used 8504K, capacity 9240K, committed 9344K, reserved 1048576K
}
Event: 655.922 GC heap before
{Heap before GC invocations=35 (full 1):
 garbage-first heap   total 122880K, used 100402K [0x0000000741000000, 0x0000000800000000)
  region size 1024K, 59 young (60416K), 5 survivors (5120K)
 Metaspace       used 62813K, capacity 64773K, committed 65072K, reserved 1105920K
  class space    used 8551K, capacity 9292K, committed 9344K, reserved 1048576K
}
Event: 655.931 GC heap after
{Heap after GC invocations=36 (full 1):
 garbage-first heap   total 122880K, used 50241K [0x0000000741000000, 0x0000000800000000)
  region size 1024K, 7 young (7168K), 7 survivors (7168K)
 Metaspace       used 62813K, capacity 64773K, committed 65072K, reserved 1105920K
  class space    used 8551K, capacity 9292K, committed 9344K, reserved 1048576K
}
Event: 656.219 GC heap before
{Heap before GC invocations=36 (full 1):
 garbage-first heap   total 122880K, used 98369K [0x0000000741000000, 0x0000000800000000)
  region size 1024K, 54 young (55296K), 7 survivors (7168K)
 Metaspace       used 63125K, capacity 65099K, committed 65328K, reserved 1105920K
  class space    used 8578K, capacity 9293K, committed 9344K, reserved 1048576K
}
Event: 656.224 GC heap after
{Heap after GC invocations=37 (full 1):
 garbage-first heap   total 122880K, used 51553K [0x0000000741000000, 0x0000000800000000)
  region size 1024K, 2 young (2048K), 2 survivors (2048K)
 Metaspace       used 63125K, capacity 65099K, committed 65328K, reserved 1105920K
  class space    used 8578K, capacity 9293K, committed 9344K, reserved 1048576K
}
Event: 656.487 GC heap before
{Heap before GC invocations=37 (full 1):
 garbage-first heap   total 122880K, used 98657K [0x0000000741000000, 0x0000000800000000)
  region size 1024K, 48 young (49152K), 2 survivors (2048K)
 Metaspace       used 63503K, capacity 65483K, committed 65712K, reserved 1105920K
  class space    used 8615K, capacity 9357K, committed 9472K, reserved 1048576K
}
Event: 656.490 GC heap after
{Heap after GC invocations=38 (full 1):
 garbage-first heap   total 122880K, used 52082K [0x0000000741000000, 0x0000000800000000)
  region size 1024K, 3 young (3072K), 3 survivors (3072K)
 Metaspace       used 63503K, capacity 65483K, committed 65712K, reserved 1105920K
  class space    used 8615K, capacity 9357K, committed 9472K, reserved 1048576K
}
Event: 656.675 GC heap before
{Heap before GC invocations=38 (full 1):
 garbage-first heap   total 122880K, used 99186K [0x0000000741000000, 0x0000000800000000)
  region size 1024K, 49 young (50176K), 3 survivors (3072K)
 Metaspace       used 63689K, capacity 65675K, committed 65968K, reserved 1105920K
  class space    used 8634K, capacity 9357K, committed 9472K, reserved 1048576K
}
Event: 656.679 GC heap after
{Heap after GC invocations=39 (full 1):
 garbage-first heap   total 122880K, used 55289K [0x0000000741000000, 0x0000000800000000)
  region size 1024K, 6 young (6144K), 6 survivors (6144K)
 Metaspace       used 63689K, capacity 65675K, committed 65968K, reserved 1105920K
  class space    used 8634K, capacity 9357K, committed 9472K, reserved 1048576K
}
Event: 656.769 GC heap before
{Heap before GC invocations=39 (full 1):
 garbage-first heap   total 122880K, used 98297K [0x0000000741000000, 0x0000000800000000)
  region size 1024K, 48 young (49152K), 6 survivors (6144K)
 Metaspace       used 63690K, capacity 65676K, committed 65968K, reserved 1105920K
  class space    used 8634K, capacity 9357K, committed 9472K, reserved 1048576K
}
Event: 656.776 GC heap after
{Heap after GC invocations=40 (full 1):
 garbage-first heap   total 122880K, used 60369K [0x0000000741000000, 0x0000000800000000)
  region size 1024K, 6 young (6144K), 6 survivors (6144K)
 Metaspace       used 63690K, capacity 65676K, committed 65968K, reserved 1105920K
  class space    used 8634K, capacity 9357K, committed 9472K, reserved 1048576K
}
Event: 656.906 GC heap before
{Heap before GC invocations=40 (full 1):
 garbage-first heap   total 122880K, used 96209K [0x0000000741000000, 0x0000000800000000)
  region size 1024K, 42 young (43008K), 6 survivors (6144K)
 Metaspace       used 63703K, capacity 65682K, committed 65968K, reserved 1105920K
  class space    used 8634K, capacity 9358K, committed 9472K, reserved 1048576K
}
Event: 656.910 GC heap after
{Heap after GC invocations=41 (full 1):
 garbage-first heap   total 122880K, used 62201K [0x0000000741000000, 0x0000000800000000)
  region size 1024K, 2 young (2048K), 2 survivors (2048K)
 Metaspace       used 63703K, capacity 65682K, committed 65968K, reserved 1105920K
  class space    used 8634K, capacity 9358K, committed 9472K, reserved 1048576K
}

Deoptimization events (10 events):
Event: 2.548 Thread 0x000001a13eedd800 DEOPT PACKING pc=0x000001a124dedcc4 sp=0x00000031812fc9a0
Event: 2.548 Thread 0x000001a13eedd800 DEOPT UNPACKING pc=0x000001a12441964e sp=0x00000031812fbf18 mode 0
Event: 4.711 Thread 0x000001a13eedd800 DEOPT PACKING pc=0x000001a124e4412b sp=0x00000031812fadf0
Event: 4.711 Thread 0x000001a13eedd800 DEOPT UNPACKING pc=0x000001a12441964e sp=0x00000031812fa2f8 mode 3
Event: 6.124 Thread 0x000001a13efa1800 DEOPT PACKING pc=0x000001a125436494 sp=0x00000031821fc280
Event: 6.124 Thread 0x000001a13efa1800 DEOPT UNPACKING pc=0x000001a12441964e sp=0x00000031821fb708 mode 0
Event: 8.675 Thread 0x000001a13eedd800 DEOPT PACKING pc=0x000001a1257977f4 sp=0x00000031812fcd10
Event: 8.675 Thread 0x000001a13eedd800 DEOPT UNPACKING pc=0x000001a12441964e sp=0x00000031812fc260 mode 0
Event: 11.792 Thread 0x000001a141eb4800 DEOPT PACKING pc=0x000001a124c73c0c sp=0x00000031826fa8d0
Event: 11.792 Thread 0x000001a141eb4800 DEOPT UNPACKING pc=0x000001a12441964e sp=0x00000031826f9df8 mode 0

Classes unloaded (18 events):
Event: 654.521 Thread 0x000001a13db2e800 Unloading class 0x0000000800fda440 'jdk/internal/reflect/GeneratedSerializationConstructorAccessor43'
Event: 654.522 Thread 0x000001a13db2e800 Unloading class 0x0000000800fda040 'jdk/internal/reflect/GeneratedSerializationConstructorAccessor42'
Event: 654.522 Thread 0x000001a13db2e800 Unloading class 0x0000000800fd9440 'jdk/internal/reflect/GeneratedSerializationConstructorAccessor41'
Event: 654.522 Thread 0x000001a13db2e800 Unloading class 0x0000000800fd9040 'jdk/internal/reflect/GeneratedSerializationConstructorAccessor40'
Event: 654.522 Thread 0x000001a13db2e800 Unloading class 0x0000000800fd8c40 'jdk/internal/reflect/GeneratedSerializationConstructorAccessor39'
Event: 654.522 Thread 0x000001a13db2e800 Unloading class 0x0000000800fd8840 'jdk/internal/reflect/GeneratedSerializationConstructorAccessor38'
Event: 654.522 Thread 0x000001a13db2e800 Unloading class 0x0000000800fd8440 'jdk/internal/reflect/GeneratedSerializationConstructorAccessor37'
Event: 654.522 Thread 0x000001a13db2e800 Unloading class 0x0000000800fac040 'jdk/internal/reflect/GeneratedSerializationConstructorAccessor36'
Event: 654.522 Thread 0x000001a13db2e800 Unloading class 0x0000000800facc40 'jdk/internal/reflect/GeneratedSerializationConstructorAccessor35'
Event: 656.991 Thread 0x000001a13db2e800 Unloading class 0x0000000801427040 'jdk/internal/reflect/GeneratedSerializationConstructorAccessor54'
Event: 656.991 Thread 0x000001a13db2e800 Unloading class 0x0000000801427c40 'jdk/internal/reflect/GeneratedSerializationConstructorAccessor53'
Event: 656.991 Thread 0x000001a13db2e800 Unloading class 0x0000000801427840 'jdk/internal/reflect/GeneratedSerializationConstructorAccessor52'
Event: 656.991 Thread 0x000001a13db2e800 Unloading class 0x0000000801424040 'jdk/internal/reflect/GeneratedSerializationConstructorAccessor51'
Event: 656.991 Thread 0x000001a13db2e800 Unloading class 0x0000000801423440 'jdk/internal/reflect/GeneratedSerializationConstructorAccessor50'
Event: 656.991 Thread 0x000001a13db2e800 Unloading class 0x0000000801422c40 'jdk/internal/reflect/GeneratedSerializationConstructorAccessor49'
Event: 656.991 Thread 0x000001a13db2e800 Unloading class 0x0000000801422840 'jdk/internal/reflect/GeneratedSerializationConstructorAccessor48'
Event: 656.991 Thread 0x000001a13db2e800 Unloading class 0x0000000801422440 'jdk/internal/reflect/GeneratedSerializationConstructorAccessor47'
Event: 656.991 Thread 0x000001a13db2e800 Unloading class 0x0000000801422040 'jdk/internal/reflect/GeneratedSerializationConstructorAccessor46'

Classes redefined (0 events):
No events

Internal exceptions (20 events):
Event: 11.231 Thread 0x000001a141eb3800 Exception <a 'java/lang/NoSuchMethodError'{0x00000007474b7a50}: 'void java.lang.invoke.DirectMethodHandle$Holder.invokeStaticInit(java.lang.Object, java.lang.Object, java.lang.Object)'> (0x00000007474b7a50) 
thrown [./open/src/hotspot/share/interpreter/linkResolver.cpp, line 766]
Event: 82.007 Thread 0x000001a141eb8800 Exception <a 'java/lang/reflect/InvocationTargetException'{0x000000074652a980}> (0x000000074652a980) 
thrown [./open/src/hotspot/share/runtime/reflection.cpp, line 1188]
Event: 82.020 Thread 0x000001a141eb8800 Exception <a 'java/lang/NoClassDefFoundError'{0x000000074642e638}: sun/reflect/Reflection> (0x000000074642e638) 
thrown [./open/src/hotspot/share/classfile/systemDictionary.cpp, line 215]
Event: 84.329 Thread 0x000001a141eb3800 Exception <a 'java/lang/reflect/InvocationTargetException'{0x00000007461c1b90}> (0x00000007461c1b90) 
thrown [./open/src/hotspot/share/runtime/reflection.cpp, line 1188]
Event: 109.763 Thread 0x000001a141eb1000 Exception <a 'java/lang/reflect/InvocationTargetException'{0x0000000748541518}> (0x0000000748541518) 
thrown [./open/src/hotspot/share/runtime/reflection.cpp, line 1188]
Event: 147.543 Thread 0x000001a141eb2000 Exception <a 'java/lang/reflect/InvocationTargetException'{0x00000007476b5770}> (0x00000007476b5770) 
thrown [./open/src/hotspot/share/runtime/reflection.cpp, line 1188]
Event: 154.488 Thread 0x000001a141ebe000 Exception <a 'java/lang/reflect/InvocationTargetException'{0x0000000746f41590}> (0x0000000746f41590) 
thrown [./open/src/hotspot/share/runtime/reflection.cpp, line 1188]
Event: 156.443 Thread 0x000001a141eb5000 Exception <a 'java/lang/reflect/InvocationTargetException'{0x0000000746c0b978}> (0x0000000746c0b978) 
thrown [./open/src/hotspot/share/runtime/reflection.cpp, line 1188]
Event: 654.211 Thread 0x000001a13efa6800 Exception <a 'java/lang/InterruptedException'{0x0000000747300840}: sleep interrupted> (0x0000000747300840) 
thrown [./open/src/hotspot/share/prims/jvm.cpp, line 3074]
Event: 654.625 Thread 0x000001a143dc3000 Exception <a 'java/io/FileNotFoundException'{0x00000007486a9038}> (0x00000007486a9038) 
thrown [./open/src/hotspot/share/prims/jni.cpp, line 599]
Event: 655.308 Thread 0x000001a143dc3000 Exception <a 'java/io/FileNotFoundException'{0x000000074629cec0}> (0x000000074629cec0) 
thrown [./open/src/hotspot/share/prims/jni.cpp, line 599]
Event: 655.553 Thread 0x000001a143dc3000 Exception <a 'java/lang/ClassNotFoundException'{0x0000000748552ee8}: java/lang/ObjectCustomizer> (0x0000000748552ee8) 
thrown [./open/src/hotspot/share/classfile/systemDictionary.cpp, line 226]
Event: 655.553 Thread 0x000001a143dc3000 Exception <a 'java/lang/ClassNotFoundException'{0x0000000748577bc8}: org/springframework/security/config/annotation/web/configuration/WebSecurityConfigurerAdapterCustomizer> (0x0000000748577bc8) 
thrown [./open/src/hotspot/share/classfile/systemDictionary.cpp, line 226]
Event: 655.554 Thread 0x000001a143dc3000 Exception <a 'java/lang/ClassNotFoundException'{0x00000007485c9618}: taller2/Palma/demo/security/SecurityConfigCustomizer> (0x00000007485c9618) 
thrown [./open/src/hotspot/share/classfile/systemDictionary.cpp, line 226]
Event: 655.555 Thread 0x000001a143dc3000 Exception <a 'java/lang/ClassNotFoundException'{0x00000007485eac18}: taller2/Palma/demo/security/SecurityConfig$$EnhancerBySpringCGLIB$$eec7a7afCustomizer> (0x00000007485eac18) 
thrown [./open/src/hotspot/share/classfile/systemDictionary.cpp, line 226]
Event: 655.556 Thread 0x000001a143dc3000 Exception <a 'java/lang/ClassNotFoundException'{0x0000000748430f98}: org/springframework/context/annotation/ConfigurationClassEnhancer$EnhancedConfigurationCustomizer> (0x0000000748430f98) 
thrown [./open/src/hotspot/share/classfile/systemDictionary.cpp, line 226]
Event: 655.557 Thread 0x000001a143dc3000 Exception <a 'java/lang/ClassNotFoundException'{0x000000074844a428}: org/springframework/beans/factory/BeanFactoryAwareCustomizer> (0x000000074844a428) 
thrown [./open/src/hotspot/share/classfile/systemDictionary.cpp, line 226]
Event: 655.557 Thread 0x000001a143dc3000 Exception <a 'java/lang/ClassNotFoundException'{0x0000000748462ac0}: org/springframework/beans/factory/AwareCustomizer> (0x0000000748462ac0) 
thrown [./open/src/hotspot/share/classfile/systemDictionary.cpp, line 226]
Event: 655.557 Thread 0x000001a143dc3000 Exception <a 'java/lang/ClassNotFoundException'{0x0000000748480118}: org/springframework/security/config/annotation/web/WebSecurityConfigurerCustomizer> (0x0000000748480118) 
thrown [./open/src/hotspot/share/classfile/systemDictionary.cpp, line 226]
Event: 655.558 Thread 0x000001a143dc3000 Exception <a 'java/lang/ClassNotFoundException'{0x00000007484ccdb0}: org/springframework/security/config/annotation/SecurityConfigurerCustomizer> (0x00000007484ccdb0) 
thrown [./open/src/hotspot/share/classfile/systemDictionary.cpp, line 226]

Events (20 events):
Event: 656.487 Executing VM operation: G1CollectForAllocation
Event: 656.490 Executing VM operation: G1CollectForAllocation done
Event: 656.675 Executing VM operation: G1CollectForAllocation
Event: 656.679 Executing VM operation: G1CollectForAllocation done
Event: 656.769 Executing VM operation: G1CollectForAllocation
Event: 656.776 Executing VM operation: G1CollectForAllocation done
Event: 656.823 Executing VM operation: HandshakeOneThread
Event: 656.823 Executing VM operation: HandshakeOneThread done
Event: 656.826 Executing VM operation: HandshakeOneThread
Event: 656.826 Executing VM operation: HandshakeOneThread done
Event: 656.826 Executing VM operation: HandshakeOneThread
Event: 656.826 Executing VM operation: HandshakeOneThread done
Event: 656.906 Executing VM operation: G1CollectForAllocation
Event: 656.910 Executing VM operation: G1CollectForAllocation done
Event: 656.971 Executing VM operation: HandshakeOneThread
Event: 656.971 Executing VM operation: HandshakeOneThread done
Event: 656.971 Executing VM operation: HandshakeOneThread
Event: 656.971 Executing VM operation: HandshakeOneThread done
Event: 656.971 Thread 0x000001a141eb4800 Thread exited: 0x000001a141eb4800
Event: 656.990 Executing VM operation: G1Concurrent


Dynamic libraries:
0x00007ff681600000 - 0x00007ff68160d000 	D:\Usuario\Desktop\sts-4.7.1.RELEASE\jdk-14.0.2\bin\javaw.exe
0x00007ffd94770000 - 0x00007ffd94966000 	C:\WINDOWS\SYSTEM32\ntdll.dll
0x00007ffd930a0000 - 0x00007ffd9315d000 	C:\WINDOWS\System32\KERNEL32.DLL
0x00007ffd91eb0000 - 0x00007ffd92178000 	C:\WINDOWS\System32\KERNELBASE.dll
0x00007ffd925e0000 - 0x00007ffd926e0000 	C:\WINDOWS\System32\ucrtbase.dll
0x00007ffd8c0b0000 - 0x00007ffd8c0c5000 	D:\Usuario\Desktop\sts-4.7.1.RELEASE\jdk-14.0.2\bin\VCRUNTIME140.dll
0x00007ffd8d500000 - 0x00007ffd8d518000 	D:\Usuario\Desktop\sts-4.7.1.RELEASE\jdk-14.0.2\bin\jli.dll
0x00007ffd938f0000 - 0x00007ffd93a90000 	C:\WINDOWS\System32\USER32.dll
0x00007ffd924a0000 - 0x00007ffd924c2000 	C:\WINDOWS\System32\win32u.dll
0x00007ffd94240000 - 0x00007ffd9426a000 	C:\WINDOWS\System32\GDI32.dll
0x00007ffd92390000 - 0x00007ffd92499000 	C:\WINDOWS\System32\gdi32full.dll
0x00007ffd836d0000 - 0x00007ffd8396b000 	C:\WINDOWS\WinSxS\amd64_microsoft.windows.common-controls_6595b64144ccf1df_6.0.19041.488_none_ca04af081b815d21\COMCTL32.dll
0x00007ffd926e0000 - 0x00007ffd9277d000 	C:\WINDOWS\System32\msvcp_win.dll
0x00007ffd94100000 - 0x00007ffd9419e000 	C:\WINDOWS\System32\msvcrt.dll
0x00007ffd93d60000 - 0x00007ffd93d90000 	C:\WINDOWS\System32\IMM32.DLL
0x00007ffd6ebe0000 - 0x00007ffd6ec7b000 	D:\Usuario\Desktop\sts-4.7.1.RELEASE\jdk-14.0.2\bin\msvcp140.dll
0x00007ffd3d7f0000 - 0x00007ffd3e30e000 	D:\Usuario\Desktop\sts-4.7.1.RELEASE\jdk-14.0.2\bin\server\jvm.dll
0x00007ffd94270000 - 0x00007ffd9431c000 	C:\WINDOWS\System32\ADVAPI32.dll
0x00007ffd93000000 - 0x00007ffd9309b000 	C:\WINDOWS\System32\sechost.dll
0x00007ffd93a90000 - 0x00007ffd93bb4000 	C:\WINDOWS\System32\RPCRT4.dll
0x00007ffd94230000 - 0x00007ffd94238000 	C:\WINDOWS\System32\PSAPI.DLL
0x00007ffd74df0000 - 0x00007ffd74df9000 	C:\WINDOWS\SYSTEM32\WSOCK32.dll
0x00007ffd8ac80000 - 0x00007ffd8ac8a000 	C:\WINDOWS\SYSTEM32\VERSION.dll
0x00007ffd93cf0000 - 0x00007ffd93d5b000 	C:\WINDOWS\System32\WS2_32.dll
0x00007ffd85ac0000 - 0x00007ffd85ae7000 	C:\WINDOWS\SYSTEM32\WINMM.dll
0x00007ffd8fe20000 - 0x00007ffd8fe32000 	C:\WINDOWS\SYSTEM32\kernel.appcore.dll
0x00007ffd8d570000 - 0x00007ffd8d57a000 	D:\Usuario\Desktop\sts-4.7.1.RELEASE\jdk-14.0.2\bin\jimage.dll
0x00007ffd776e0000 - 0x00007ffd778c4000 	C:\WINDOWS\SYSTEM32\DBGHELP.DLL
0x00007ffd77330000 - 0x00007ffd7735c000 	C:\WINDOWS\SYSTEM32\dbgcore.DLL
0x00007ffd922e0000 - 0x00007ffd9235f000 	C:\WINDOWS\System32\bcryptPrimitives.dll
0x00007ffd88f00000 - 0x00007ffd88f25000 	D:\Usuario\Desktop\sts-4.7.1.RELEASE\jdk-14.0.2\bin\java.dll
0x00007ffd8d490000 - 0x00007ffd8d4a6000 	D:\Usuario\Desktop\sts-4.7.1.RELEASE\jdk-14.0.2\bin\zip.dll
0x00007ffd928b0000 - 0x00007ffd92ff1000 	C:\WINDOWS\System32\SHELL32.dll
0x00007ffd90020000 - 0x00007ffd907b5000 	C:\WINDOWS\SYSTEM32\windows.storage.dll
0x00007ffd93da0000 - 0x00007ffd940f5000 	C:\WINDOWS\System32\combase.dll
0x00007ffd91920000 - 0x00007ffd9194c000 	C:\WINDOWS\SYSTEM32\Wldp.dll
0x00007ffd94320000 - 0x00007ffd943ce000 	C:\WINDOWS\System32\SHCORE.dll
0x00007ffd92850000 - 0x00007ffd928a5000 	C:\WINDOWS\System32\shlwapi.dll
0x00007ffd91de0000 - 0x00007ffd91e06000 	C:\WINDOWS\SYSTEM32\profapi.dll
0x00007ffd8c960000 - 0x00007ffd8c979000 	D:\Usuario\Desktop\sts-4.7.1.RELEASE\jdk-14.0.2\bin\net.dll
0x00007ffd8bcf0000 - 0x00007ffd8bdf0000 	C:\WINDOWS\SYSTEM32\WINHTTP.dll
0x00007ffd916a0000 - 0x00007ffd9170a000 	C:\WINDOWS\system32\mswsock.dll
0x00007ffd8c560000 - 0x00007ffd8c572000 	D:\Usuario\Desktop\sts-4.7.1.RELEASE\jdk-14.0.2\bin\nio.dll
0x00007ffd8d230000 - 0x00007ffd8d239000 	D:\Usuario\Desktop\sts-4.7.1.RELEASE\jdk-14.0.2\bin\management.dll
0x00007ffd8d050000 - 0x00007ffd8d05b000 	D:\Usuario\Desktop\sts-4.7.1.RELEASE\jdk-14.0.2\bin\management_ext.dll
0x00007ffd796c0000 - 0x00007ffd796d7000 	C:\WINDOWS\system32\napinsp.dll
0x00007ffd78580000 - 0x00007ffd7859b000 	C:\WINDOWS\system32\pnrpnsp.dll
0x00007ffd63830000 - 0x00007ffd63845000 	C:\WINDOWS\system32\wshbth.dll
0x00007ffd8e860000 - 0x00007ffd8e87d000 	C:\WINDOWS\system32\NLAapi.dll
0x00007ffd91340000 - 0x00007ffd9137b000 	C:\WINDOWS\SYSTEM32\IPHLPAPI.DLL
0x00007ffd91390000 - 0x00007ffd9145b000 	C:\WINDOWS\SYSTEM32\DNSAPI.dll
0x00007ffd93d90000 - 0x00007ffd93d98000 	C:\WINDOWS\System32\NSI.dll
0x00007ffd780f0000 - 0x00007ffd78102000 	C:\WINDOWS\System32\winrnr.dll
0x00007ffd89830000 - 0x00007ffd8983a000 	C:\Windows\System32\rasadhlp.dll
0x00007ffd89480000 - 0x00007ffd894ff000 	C:\WINDOWS\System32\fwpuclnt.dll
0x00007ffd92360000 - 0x00007ffd92387000 	C:\WINDOWS\System32\bcrypt.dll
0x00007ffd91870000 - 0x00007ffd91888000 	C:\WINDOWS\SYSTEM32\CRYPTSP.dll
0x00007ffd90fc0000 - 0x00007ffd90ff4000 	C:\WINDOWS\system32\rsaenh.dll
0x00007ffd91da0000 - 0x00007ffd91dce000 	C:\WINDOWS\SYSTEM32\USERENV.dll
0x00007ffd91890000 - 0x00007ffd9189c000 	C:\WINDOWS\SYSTEM32\CRYPTBASE.dll
0x00007ffd8d140000 - 0x00007ffd8d157000 	C:\WINDOWS\SYSTEM32\dhcpcsvc6.DLL
0x00007ffd8d120000 - 0x00007ffd8d13d000 	C:\WINDOWS\SYSTEM32\dhcpcsvc.DLL

dbghelp: loaded successfully - version: 4.0.5 - missing functions: none
symbol engine: initialized successfully - sym options: 0x614 - pdb path: .;D:\Usuario\Desktop\sts-4.7.1.RELEASE\jdk-14.0.2\bin;C:\WINDOWS\SYSTEM32;C:\WINDOWS\WinSxS\amd64_microsoft.windows.common-controls_6595b64144ccf1df_6.0.19041.488_none_ca04af081b815d21;D:\Usuario\Desktop\sts-4.7.1.RELEASE\jdk-14.0.2\bin\server

VM Arguments:
jvm_args: -Dcom.sun.management.jmxremote -Dcom.sun.management.jmxremote.port=55890 -Dcom.sun.management.jmxremote.authenticate=false -Dcom.sun.management.jmxremote.ssl=false -Djava.rmi.server.hostname=localhost -Dspring.jmx.enabled=true -Dspring.application.admin.enabled=true -Xverify:none -XX:TieredStopAtLevel=1 -Dspring.boot.project.name=TallerPruebas1-2(ServiciosModificados) -Dfile.encoding=UTF-8 
java_command: taller2.Palma.demo.TallerPruebas11Application --spring.output.ansi.enabled=always
java_class_path (initial): D:\Android\Clase 11.1\InternetTallerFinal\TallerPruebas1-2(ServiciosModificados)\target\classes;C:\Users\RYZEN 5\.m2\repository\org\springframework\boot\spring-boot-starter\2.3.4.RELEASE\spring-boot-starter-2.3.4.RELEASE.jar;C:\Users\RYZEN 5\.m2\repository\org\springframework\boot\spring-boot\2.3.4.RELEASE\spring-boot-2.3.4.RELEASE.jar;C:\Users\RYZEN 5\.m2\repository\org\springframework\spring-context\5.2.9.RELEASE\spring-context-5.2.9.RELEASE.jar;C:\Users\RYZEN 5\.m2\repository\org\springframework\boot\spring-boot-autoconfigure\2.3.4.RELEASE\spring-boot-autoconfigure-2.3.4.RELEASE.jar;C:\Users\RYZEN 5\.m2\repository\org\springframework\boot\spring-boot-starter-logging\2.3.4.RELEASE\spring-boot-starter-logging-2.3.4.RELEASE.jar;C:\Users\RYZEN 5\.m2\repository\ch\qos\logback\logback-classic\1.2.3\logback-classic-1.2.3.jar;C:\Users\RYZEN 5\.m2\repository\ch\qos\logback\logback-core\1.2.3\logback-core-1.2.3.jar;C:\Users\RYZEN 5\.m2\repository\org\apache\logging\log4j\log4j-to-slf4j\2.13.3\log4j-to-slf4j-2.13.3.jar;C:\Users\RYZEN 5\.m2\repository\org\apache\logging\log4j\log4j-api\2.13.3\log4j-api-2.13.3.jar;C:\Users\RYZEN 5\.m2\repository\org\slf4j\jul-to-slf4j\1.7.30\jul-to-slf4j-1.7.30.jar;C:\Users\RYZEN 5\.m2\repository\jakarta\annotation\jakarta.annotation-api\1.3.5\jakarta.annotation-api-1.3.5.jar;C:\Users\RYZEN 5\.m2\repository\org\springframework\spring-core\5.2.9.RELEASE\spring-core-5.2.9.RELEASE.jar;C:\Users\RYZEN 5\.m2\repository\org\springframework\spring-jcl\5.2.9.RELEASE\spring-jcl-5.2.9.RELEASE.jar;C:\Users\RYZEN 5\.m2\repository\org\yaml\snakeyaml\1.26\snakeyaml-1.26.jar;C:\Users\RYZEN 5\.m2\repository\org\projectlombok\lombok\1.18.12\lombok-1.18.12.jar;C:\Users\RYZEN 5\.m2\repository\jakarta\xml\bind\jakarta.xml.bind-api\2.3.3\jakarta.xml.bind-api-2.3.3.jar;C:\Users\RYZEN 5\.m2\repository\jakarta\activation\jakarta.activation-api\1.2.2\jakarta.activation-api-1.2.2.jar;C:\Users\RYZEN 5\.m2\repository\net\bytebuddy\byte-buddy\
Launcher Type: SUN_STANDARD

[Global flags]
     intx CICompilerCount                          = 4                                         {product} {ergonomic}
     uint ConcGCThreads                            = 2                                         {product} {ergonomic}
     uint G1ConcRefinementThreads                  = 8                                         {product} {ergonomic}
   size_t G1HeapRegionSize                         = 1048576                                   {product} {ergonomic}
    uintx GCDrainStackTargetSize                   = 64                                        {product} {ergonomic}
   size_t InitialHeapSize                          = 201326592                                 {product} {ergonomic}
     bool ManagementServer                         = true                                      {product} {command line}
   size_t MarkStackSize                            = 4194304                                   {product} {ergonomic}
   size_t MaxHeapSize                              = 3204448256                                {product} {ergonomic}
   size_t MaxNewSize                               = 1922039808                                {product} {ergonomic}
   size_t MinHeapDeltaBytes                        = 1048576                                   {product} {ergonomic}
   size_t MinHeapSize                              = 8388608                                   {product} {ergonomic}
    uintx NonNMethodCodeHeapSize                   = 7549744                                {pd product} {ergonomic}
    uintx NonProfiledCodeHeapSize                  = 244108496                              {pd product} {ergonomic}
    uintx ProfiledCodeHeapSize                     = 0                                      {pd product} {ergonomic}
    uintx ReservedCodeCacheSize                    = 251658240                              {pd product} {ergonomic}
     bool SegmentedCodeCache                       = true                                      {product} {ergonomic}
   size_t SoftMaxHeapSize                          = 3204448256                             {manageable} {ergonomic}
     intx TieredStopAtLevel                        = 1                                         {product} {command line}
     bool UseCompressedClassPointers               = true                                 {lp64_product} {ergonomic}
     bool UseCompressedOops                        = true                                 {lp64_product} {ergonomic}
     bool UseG1GC                                  = true                                      {product} {ergonomic}
     bool UseLargePagesIndividualAllocation        = false                                  {pd product} {ergonomic}

Logging:
Log output configuration:
 #0: stdout all=warning uptime,level,tags
 #1: stderr all=off uptime,level,tags

Environment Variables:
PATH=D:/Usuario/Desktop/sts-4.7.1.RELEASE//jdk-14.0.2/bin/server;D:/Usuario/Desktop/sts-4.7.1.RELEASE//jdk-14.0.2/bin;C:\Program Files (x86)\VMware\VMware Player\bin\;C:\Program Files (x86)\Common Files\Oracle\Java\javapath;C:\Windows\system32;C:\Windows;C:\Windows\System32\Wbem;C:\Windows\System32\WindowsPowerShell\v1.0\;C:\Windows\System32\OpenSSH\;C:\Program Files (x86)\NVIDIA Corporation\PhysX\Common;C:\Program Files\NVIDIA Corporation\NVIDIA NvDLISR;C:\Program Files\dotnet\;C:\Program Files\Amazon\AWSCLIV2\;C:\WINDOWS\system32;C:\WINDOWS;C:\WINDOWS\System32\Wbem;C:\WINDOWS\System32\WindowsPowerShell\v1.0\;C:\WINDOWS\System32\OpenSSH\;D:\Program Files (x86)\Brackets\command;D:\Program Files (x86)\Gpg4win\..\GnuPG\bin;C:\Program Files (x86)\PuTTY\;C:\Program Files\Git\cmd;C:\Users\RYZEN 5\AppData\Local\Microsoft\WindowsApps;C:\Users\RYZEN 5\AppData\Local\Programs\Microsoft VS Code\bin;C:\apex;C:\Users\RYZEN 5\AppData\Local\GitHubDesktop\bin;D:\Usuario\Desktop\sts-4.7.1.RELEASE;
USERNAME=RYZEN 5
OS=Windows_NT
PROCESSOR_IDENTIFIER=AMD64 Family 23 Model 17 Stepping 0, AuthenticAMD



---------------  S Y S T E M  ---------------

OS: Windows 10 , 64 bit Build 19041 (10.0.19041.546)
OS uptime: 8 days 5:17 hours

CPU:total 8 (initial active 8) (8 cores per cpu, 2 threads per core) family 23 model 17 stepping 0, cmov, cx8, fxsr, mmx, sse, sse2, sse3, ssse3, sse4.1, sse4.2, popcnt, avx, avx2, aes, clmul, mmxext, 3dnowpref, lzcnt, sse4a, ht, tsc, tscinvbit, tscinv, bmi1, bmi2, adx, sha, fma

Memory: 4k page, system-wide physical 12220M (3201M free)
TotalPageFile size 14643M (AvailPageFile size 17M)
current process WorkingSet (physical memory assigned to process): 287M, peak: 287M
current process commit charge ("private bytes"): 331M, peak: 360M

vm_info: OpenJDK 64-Bit Server VM (14.0.2+12-46) for windows-amd64 JRE (14.0.2+12-46), built on Jul  9 2020 00:31:16 by "mach5one" with MS VC++ 15.9 (VS2017)

END.
